mode: set
github.com/ChampionTej05/GoWebapp/models/user.go:22.25,25.2 2 1
github.com/ChampionTej05/GoWebapp/models/user.go:28.39,29.18 1 1
github.com/ChampionTej05/GoWebapp/models/user.go:33.2,38.18 6 1
github.com/ChampionTej05/GoWebapp/models/user.go:29.18,32.3 1 1
github.com/ChampionTej05/GoWebapp/models/user.go:42.40,43.29 1 1
github.com/ChampionTej05/GoWebapp/models/user.go:49.2,49.63 1 1
github.com/ChampionTej05/GoWebapp/models/user.go:43.29,44.20 1 1
github.com/ChampionTej05/GoWebapp/models/user.go:44.20,47.4 1 1
github.com/ChampionTej05/GoWebapp/models/user.go:53.49,54.31 1 1
github.com/ChampionTej05/GoWebapp/models/user.go:61.2,61.71 1 1
github.com/ChampionTej05/GoWebapp/models/user.go:54.31,55.28 1 1
github.com/ChampionTej05/GoWebapp/models/user.go:55.28,59.4 2 1
github.com/ChampionTej05/GoWebapp/models/user.go:65.35,66.31 1 1
github.com/ChampionTej05/GoWebapp/models/user.go:72.2,72.55 1 1
github.com/ChampionTej05/GoWebapp/models/user.go:66.31,67.20 1 1
github.com/ChampionTej05/GoWebapp/models/user.go:67.20,70.4 2 1
github.com/ChampionTej05/GoWebapp/models/user.go:76.23,78.2 1 1
