mode: set
github.com/ChampionTej05/GoWebapp/models/user.go:22.25,25.2 2 1
github.com/ChampionTej05/GoWebapp/models/user.go:28.39,29.18 1 1
github.com/ChampionTej05/GoWebapp/models/user.go:33.2,38.18 6 1
github.com/ChampionTej05/GoWebapp/models/user.go:29.18,32.3 1 1
github.com/ChampionTej05/GoWebapp/models/user.go:42.40,43.29 1 1
github.com/ChampionTej05/GoWebapp/models/user.go:49.2,49.63 1 1
github.com/ChampionTej05/GoWebapp/models/user.go:43.29,44.20 1 1
github.com/ChampionTej05/GoWebapp/models/user.go:44.20,47.4 1 1
github.com/ChampionTej05/GoWebapp/models/user.go:53.49,54.31 1 1
github.com/ChampionTej05/GoWebapp/models/user.go:61.2,61.71 1 1
github.com/ChampionTej05/GoWebapp/models/user.go:54.31,55.28 1 1
github.com/ChampionTej05/GoWebapp/models/user.go:55.28,59.4 2 1
github.com/ChampionTej05/GoWebapp/models/user.go:65.35,66.31 1 1
github.com/ChampionTej05/GoWebapp/models/user.go:72.2,72.55 1 1
github.com/ChampionTej05/GoWebapp/models/user.go:66.31,67.20 1 1
github.com/ChampionTej05/GoWebapp/models/user.go:67.20,70.4 2 1
github.com/ChampionTej05/GoWebapp/models/user.go:76.23,78.2 1 1
github.com/ChampionTej05/GoWebapp/controllers/front.go:8.28,12.2 3 0
github.com/ChampionTej05/GoWebapp/controllers/front.go:14.68,17.2 2 1
github.com/ChampionTej05/GoWebapp/controllers/user.go:17.76,18.28 1 1
github.com/ChampionTej05/GoWebapp/controllers/user.go:18.28,19.19 1 1
github.com/ChampionTej05/GoWebapp/controllers/user.go:20.23,21.24 1 1
github.com/ChampionTej05/GoWebapp/controllers/user.go:22.24,23.17 1 1
github.com/ChampionTej05/GoWebapp/controllers/user.go:24.11,25.44 1 0
github.com/ChampionTej05/GoWebapp/controllers/user.go:27.8,30.24 3 1
github.com/ChampionTej05/GoWebapp/controllers/user.go:34.3,35.17 2 1
github.com/ChampionTej05/GoWebapp/controllers/user.go:39.3,39.19 1 1
github.com/ChampionTej05/GoWebapp/controllers/user.go:30.24,33.4 2 0
github.com/ChampionTej05/GoWebapp/controllers/user.go:35.17,38.4 2 0
github.com/ChampionTej05/GoWebapp/controllers/user.go:40.23,41.17 1 1
github.com/ChampionTej05/GoWebapp/controllers/user.go:42.23,43.20 1 0
github.com/ChampionTej05/GoWebapp/controllers/user.go:44.26,45.20 1 0
github.com/ChampionTej05/GoWebapp/controllers/user.go:46.11,47.44 1 0
github.com/ChampionTej05/GoWebapp/controllers/user.go:52.78,54.2 1 1
github.com/ChampionTej05/GoWebapp/controllers/user.go:56.61,58.16 2 1
github.com/ChampionTej05/GoWebapp/controllers/user.go:62.2,62.31 1 1
github.com/ChampionTej05/GoWebapp/controllers/user.go:58.16,61.3 2 0
github.com/ChampionTej05/GoWebapp/controllers/user.go:66.58,70.16 4 1
github.com/ChampionTej05/GoWebapp/controllers/user.go:73.2,73.18 1 1
github.com/ChampionTej05/GoWebapp/controllers/user.go:70.16,72.3 1 0
github.com/ChampionTej05/GoWebapp/controllers/user.go:76.71,78.16 2 1
github.com/ChampionTej05/GoWebapp/controllers/user.go:82.2,83.16 2 1
github.com/ChampionTej05/GoWebapp/controllers/user.go:87.2,87.31 1 1
github.com/ChampionTej05/GoWebapp/controllers/user.go:78.16,81.3 2 0
github.com/ChampionTej05/GoWebapp/controllers/user.go:83.16,86.3 2 0
github.com/ChampionTej05/GoWebapp/controllers/user.go:90.78,92.16 2 0
github.com/ChampionTej05/GoWebapp/controllers/user.go:96.2,96.19 1 0
github.com/ChampionTej05/GoWebapp/controllers/user.go:101.2,102.16 2 0
github.com/ChampionTej05/GoWebapp/controllers/user.go:106.2,106.31 1 0
github.com/ChampionTej05/GoWebapp/controllers/user.go:92.16,95.3 2 0
github.com/ChampionTej05/GoWebapp/controllers/user.go:96.19,100.3 3 0
github.com/ChampionTej05/GoWebapp/controllers/user.go:102.16,105.3 2 0
github.com/ChampionTej05/GoWebapp/controllers/user.go:109.65,111.16 2 0
github.com/ChampionTej05/GoWebapp/controllers/user.go:116.2,116.30 1 0
github.com/ChampionTej05/GoWebapp/controllers/user.go:111.16,115.3 3 0
github.com/ChampionTej05/GoWebapp/controllers/user.go:119.42,123.2 1 1
